Array
(
    [id] => 2
)
Array
(
    [id] => 3
)
Array
(
    [type] => delete_service
    [id] => 6
)
Array
(
    [type] => update_service
    [id] => 7
    [name] => EFDSFD
    [price] => 10000222
    [description] => FSDAFADF
)
Array
(
    [type] => update_service
    [id] => 7
    [name] => EFDSFD
    [price] => 10000222
    [description] => FSDAFADFTYFG
)
Array
(
    [type] => update_service
    [id] => 7
    [name] => EFDSFD
    [price] => 10000222
    [description] => FSDAFADFTYFGHGH
)
Array
(
    [type] => announcement_message
    [id] => 1
    [value] => We are closed on April 9, 2025. Clinical Operations ResumGHe on April 10, 2025
)
Array
(
    [type] => announcement_message
    [id] => 1
    [value] => We are closed on April 9, 2025. Clinical Operations ResumGHe on April 10, 2025
)
Array
(
    [type] => update_service
    [id] => 7
    [name] => EFDSFD
    [price] => 10000222
    [description] => FSDAFADFTYFGHHGH
)
Array
(
    [type] => announcement_message
    [id] => 1
    [value] => We are closed on April 9, 2025. Clinical Operations Resume on April 10, 202G5
)
Array
(
    [type] => announcement_message
    [id] => 1
    [value] => We are closed on April 9, 2025. Clinical OperADSFDFDSFations Resume on April 10, 202G5
)
Array
(
    [type] => delete_service
    [id] => 7
)
Array
(
    [type] => announcement_title
    [id] => 1
    [value] => IT'S A CELEBRATION!
)
Array
(
    [type] => update_service
    [id] => 7
    [name] => EFDSFD
    [price] => 10000222
    [description] => FSDAFADFTYFGHHGHJGHJ
)
Array
(
    [type] => announcement_message
    [id] => 1
    [value] => We are closed on April 9, 2025. Clinical OperADSFDFDSFations Resume on April 1JGHJ0, 202G5
)
Array
(
    [type] => announcement_title
    [id] => 1
    [value] => IT'S A CELEBRATION!DAS
)
Array
(
    [type] => announcement_message
    [id] => 1
    [value] => We are closed on April 9, 2025. Clinical OperADSFDFDSFatiWASDSons Resume on April 1JGHJ0, 202G5
)
Array
(
    [type] => delete_service
    [id] => 7
)
Array
(
    [type] => update_service
    [id] => 8
    [name] => DSFSDF
    [price] => 10,0000
    [description] => DFADSFAKLK
)
Array
(
    [type] => delete_service
    [id] => 8
)
